#
# There is insufficient memory for the Java Runtime Environment to continue.
# Native memory allocation (malloc) failed to allocate 1830896 bytes for Chunk::new
# Possible reasons:
#   The system is out of physical RAM or swap space
#   In 32 bit mode, the process size limit was hit
# Possible solutions:
#   Reduce memory load on the system
#   Increase physical memory or swap space
#   Check if swap backing store is full
#   Use 64 bit Java on a 64 bit OS
#   Decrease Java heap size (-Xmx/-Xms)
#   Decrease number of Java threads
#   Decrease Java thread stack sizes (-Xss)
#   Set larger code cache with -XX:ReservedCodeCacheSize=
# This output file may be truncated or incomplete.
#
#  Out of Memory Error (allocation.cpp:390), pid=12400, tid=0x0000000000001da4
#
# JRE version: OpenJDK Runtime Environment (8.0_152-b06) (build 1.8.0_152-release-1136-b06)
# Java VM: OpenJDK 64-Bit Server VM (25.152-b06 mixed mode windows-amd64 compressed oops)
# Failed to write core dump. Minidumps are not enabled by default on client versions of Windows
#

---------------  T H R E A D  ---------------

Current thread (0x000000001625a800):  JavaThread "C2 CompilerThread0" daemon [_thread_in_native, id=7588, stack(0x0000000017bb0000,0x0000000017cb0000)]

Stack: [0x0000000017bb0000,0x0000000017cb0000]
[error occurred during error reporting (printing stack bounds), id 0xc0000005]

Native frames: (J=compiled Java code, j=interpreted, Vv=VM code, C=native code)


Current CompileTask:
C2:3230304 21311       4       com.android.tools.r8.graph.DexMethod::collectIndexedItems (44 bytes)


---------------  P R O C E S S  ---------------

Java Threads: ( => current thread )
  0x000000002a282800 JavaThread "ForkJoinPool-50-worker-5" daemon [_thread_in_Java, id=6940, stack(0x000000002ec10000,0x000000002ed10000)]
  0x000000002a284000 JavaThread "ForkJoinPool-50-worker-7" daemon [_thread_blocked, id=6732, stack(0x000000002eb10000,0x000000002ec10000)]
  0x000000002a282000 JavaThread "ForkJoinPool-50-worker-6" daemon [_thread_blocked, id=13240, stack(0x000000002ea10000,0x000000002eb10000)]
  0x000000002a27c000 JavaThread "ForkJoinPool-50-worker-4" daemon [_thread_blocked, id=13064, stack(0x000000002e910000,0x000000002ea10000)]
  0x000000002a280800 JavaThread "ForkJoinPool-50-worker-0" daemon [_thread_blocked, id=4176, stack(0x000000002e810000,0x000000002e910000)]
  0x000000002a27b000 JavaThread "ForkJoinPool-50-worker-3" daemon [_thread_blocked, id=624, stack(0x000000002e710000,0x000000002e810000)]
  0x000000002a281000 JavaThread "ForkJoinPool-50-worker-2" daemon [_thread_blocked, id=7188, stack(0x000000002e610000,0x000000002e710000)]
  0x000000002a279000 JavaThread "ForkJoinPool-50-worker-1" daemon [_thread_blocked, id=2812, stack(0x000000002e510000,0x000000002e610000)]
  0x000000002a27f000 JavaThread "ForkJoinPool-49-worker-0" daemon [_thread_blocked, id=12384, stack(0x000000002e410000,0x000000002e510000)]
  0x000000002a277800 JavaThread "ForkJoinPool-49-worker-3" daemon [_thread_blocked, id=9608, stack(0x000000002e310000,0x000000002e410000)]
  0x000000002a27c800 JavaThread "ForkJoinPool-49-worker-2" daemon [_thread_blocked, id=13108, stack(0x000000002e210000,0x000000002e310000)]
  0x000000002a279800 JavaThread "ForkJoinPool-49-worker-1" daemon [_thread_blocked, id=2800, stack(0x000000002e110000,0x000000002e210000)]
  0x000000001d1f2800 JavaThread "ForkJoinPool.commonPool-worker-1" daemon [_thread_blocked, id=5240, stack(0x000000002e010000,0x000000002e110000)]
  0x000000001d1f7000 JavaThread "ForkJoinPool.commonPool-worker-0" daemon [_thread_blocked, id=4752, stack(0x000000002df10000,0x000000002e010000)]
  0x000000001d1ef800 JavaThread "Cache worker for Java compile cache (D:\android-workspace\Mamer\.gradle\4.6\javaCompile)" [_thread_blocked, id=4180, stack(0x000000002cd40000,0x000000002ce40000)]
  0x000000001d1f0000 JavaThread "stdout" [_thread_in_native, id=11040, stack(0x000000002cc40000,0x000000002cd40000)]
  0x0000000018a62800 JavaThread "stderr" [_thread_in_native, id=6136, stack(0x000000002cb40000,0x000000002cc40000)]
  0x0000000018a55800 JavaThread "pool-13-thread-1" [_thread_blocked, id=8436, stack(0x000000002ca40000,0x000000002cb40000)]
  0x0000000018a5f800 JavaThread "Task worker for ':' Thread 3" [_thread_blocked, id=11052, stack(0x000000002c940000,0x000000002ca40000)]
  0x0000000018a5c800 JavaThread "Task worker for ':' Thread 2" [_thread_blocked, id=516, stack(0x000000002c840000,0x000000002c940000)]
  0x0000000018a5b800 JavaThread "Task worker for ':'" [_thread_blocked, id=6944, stack(0x000000002c740000,0x000000002c840000)]
  0x0000000018a5e000 JavaThread "Cache worker for Build Output Cleanup Cache (D:\android-workspace\Mamer\.gradle\buildOutputCleanup)" [_thread_blocked, id=3476, stack(0x000000002c640000,0x000000002c740000)]
  0x0000000018a60000 JavaThread "Cache worker for task history cache (D:\android-workspace\Mamer\.gradle\4.6\taskHistory)" [_thread_blocked, id=10192, stack(0x000000002c540000,0x000000002c640000)]
  0x0000000018a5b000 JavaThread "Cache worker for file content cache (D:\android-workspace\Mamer\.gradle\4.6\fileContent)" [_thread_blocked, id=10628, stack(0x000000002c440000,0x000000002c540000)]
  0x0000000018a61800 JavaThread "Build operations Thread 4" [_thread_blocked, id=8984, stack(0x000000002c340000,0x000000002c440000)]
  0x0000000018a5e800 JavaThread "Build operations Thread 3" [_thread_blocked, id=3680, stack(0x000000002c240000,0x000000002c340000)]
  0x0000000018a5d000 JavaThread "Build operations Thread 2" [_thread_blocked, id=13200, stack(0x000000002c140000,0x000000002c240000)]
  0x0000000018a53800 JavaThread "Build operations" [_thread_blocked, id=12284, stack(0x000000002c040000,0x000000002c140000)]
  0x0000000018a5a000 JavaThread "Cache worker for Artifact transforms cache (C:\Users\My\.gradle\caches\transforms-1)" [_thread_blocked, id=11284, stack(0x000000002bf40000,0x000000002c040000)]
  0x0000000018a59800 JavaThread "Cache worker for file hash cache (D:\android-workspace\Mamer\.gradle\4.6\fileHashes)" [_thread_blocked, id=4688, stack(0x000000002be40000,0x000000002bf40000)]
  0x0000000018a58800 JavaThread "Stdin handler" [_thread_blocked, id=7468, stack(0x000000002bd40000,0x000000002be40000)]
  0x0000000018a58000 JavaThread "Asynchronous log dispatcher for DefaultDaemonConnection: socket connection from /127.0.0.1:53414 to /127.0.0.1:53959" [_thread_blocked, id=6768, stack(0x000000002bc40000,0x000000002bd40000)]
  0x0000000018a54000 JavaThread "Cancel handler" [_thread_blocked, id=7740, stack(0x000000002bb40000,0x000000002bc40000)]
  0x0000000018a55000 JavaThread "Handler for socket connection from /127.0.0.1:53414 to /127.0.0.1:53959" [_thread_in_native, id=5236, stack(0x000000002ba40000,0x000000002bb40000)]
  0x000000001daaf800 JavaThread "Daemon worker Thread 3" [_thread_blocked, id=11964, stack(0x0000000027f40000,0x0000000028040000)]
  0x000000001dab4000 JavaThread "Daemon Thread 3" [_thread_blocked, id=9024, stack(0x0000000027c40000,0x0000000027d40000)]
  0x000000001d1f4000 JavaThread "pool-1-thread-1" [_thread_blocked, id=9356, stack(0x0000000022d60000,0x0000000022e60000)]
  0x000000001dab1000 JavaThread "Memory manager" [_thread_blocked, id=11484, stack(0x00000000217a0000,0x00000000218a0000)]
  0x00000000192a0800 JavaThread "File lock request listener" [_thread_in_native, id=5300, stack(0x000000001a830000,0x000000001a930000)]
  0x00000000192b7000 JavaThread "Cache worker for file hash cache (C:\Users\My\.gradle\caches\4.6\fileHashes)" [_thread_blocked, id=12224, stack(0x000000001a730000,0x000000001a830000)]
  0x00000000178da000 JavaThread "Daemon periodic checks" [_thread_blocked, id=11856, stack(0x0000000019c30000,0x0000000019d30000)]
  0x0000000019428000 JavaThread "Incoming local TCP Connector on port 53414" [_thread_in_native, id=9952, stack(0x0000000019a80000,0x0000000019b80000)]
  0x0000000017638000 JavaThread "Service Thread" daemon [_thread_blocked, id=4100, stack(0x0000000017eb0000,0x0000000017fb0000)]
  0x00000000175bc800 JavaThread "C1 CompilerThread2" daemon [_thread_blocked, id=12276, stack(0x0000000017db0000,0x0000000017eb0000)]
  0x00000000162ac000 JavaThread "C2 CompilerThread1" daemon [_thread_in_native, id=3240, stack(0x0000000017cb0000,0x0000000017db0000)]
=>0x000000001625a800 JavaThread "C2 CompilerThread0" daemon [_thread_in_native, id=7588, stack(0x0000000017bb0000,0x0000000017cb0000)]
  0x00000000162a9800 JavaThread "Attach Listener" daemon [_thread_blocked, id=400, stack(0x0000000017ab0000,0x0000000017bb0000)]
  0x00000000175b8800 JavaThread "Signal Dispatcher" daemon [_thread_blocked, id=8680, stack(0x00000000179b0000,0x0000000017ab0000)]
  0x00000000028dc000 JavaThread "Finalizer" daemon [_thread_blocked, id=9404, stack(0x00000000174b0000,0x00000000175b0000)]
  0x00000000028d1000 JavaThread "Reference Handler" daemon [_thread_blocked, id=9592, stack(0x00000000173b0000,0x00000000174b0000)]
  0x00000000027e2800 JavaThread "main" [_thread_blocked, id=10044, stack(0x0000000000bb0000,0x0000000000cb0000)]

Other Threads:
  0x0000000016216800 VMThread [stack: 0x00000000172b0000,0x00000000173b0000] [id=5424]
  0x000000001763c800 WatcherThread [stack: 0x0000000017fb0000,0x00000000180b0000] [id=7180]

VM state:not at safepoint (normal execution)

VM Mutex/Monitor currently owned by a thread: None

Heap:
 PSYoungGen      total 483840K, used 375254K [0x00000000e0000000, 0x00000000ffe00000, 0x0000000100000000)
  eden space 448512K, 83% used [0x00000000e0000000,0x00000000f6c524e0,0x00000000fb600000)
  from space 35328K, 6% used [0x00000000fdb80000,0x00000000fdda33e8,0x00000000ffe00000)
  to   space 36864K, 0% used [0x00000000fb600000,0x00000000fb600000,0x00000000fda00000)
 ParOldGen       total 144384K, used 76605K [0x00000000a0000000, 0x00000000a8d00000, 0x00000000e0000000)
  object space 144384K, 53% used [0x00000000a0000000,0x00000000a4acf7d0,0x00000000a8d00000)
 Metaspace       used 91650K, capacity 96746K, committed 96896K, reserved 1134592K
  class space    used 11540K, capacity 12656K, committed 12672K, reserved 1048576K

Card table byte_map: [0x0000000011ca0000,0x0000000011fb0000] byte_map_base: 0x00000000117a0000

Marking Bits: (ParMarkBitMap*) 0x0000000073c55aa0
 Begin Bits: [0x00000000125b0000, 0x0000000013db0000)
 End Bits:   [0x0000000013db0000, 0x00000000155b0000)

Polling page: 0x00000000006f0000

CodeCache: size=245760Kb used=58972Kb max_used=58972Kb free=186787Kb
 bounds [0x00000000028e0000, 0x00000000062c0000, 0x00000000118e0000]
 total_blobs=18563 nmethods=17694 adapters=780
 compilation: enabled

Compilation events (10 events):
Event: 3228.970 Thread 0x00000000175bc800 21469       2       com.android.tools.r8.dex.ApplicationReader::read (12 bytes)
Event: 3228.971 Thread 0x00000000175bc800 nmethod 21469 0x00000000062b9750 code [0x00000000062b98c0, 0x00000000062b9a48]
Event: 3228.972 Thread 0x00000000175bc800 21470       2       com.android.utils.PathUtils::toSystemIndependentPath (42 bytes)
Event: 3228.972 Thread 0x00000000175bc800 nmethod 21470 0x00000000062b9ad0 code [0x00000000062b9cc0, 0x00000000062ba038]
Event: 3228.972 Thread 0x00000000175bc800 21471       1       com.android.builder.dexing.DirDexArchive::getRootPath (5 bytes)
Event: 3228.973 Thread 0x00000000175bc800 nmethod 21471 0x00000000062ba310 code [0x00000000062ba460, 0x00000000062ba570]
Event: 3228.977 Thread 0x00000000175bc800 21474       2       java.util.concurrent.atomic.AtomicLong::addAndGet (14 bytes)
Event: 3228.977 Thread 0x00000000175bc800 nmethod 21474 0x00000000062ba5d0 code [0x00000000062ba720, 0x00000000062ba870]
Event: 3228.985 Thread 0x00000000175bc800 21475       2       java.util.Spliterators$1Adapter::hasNext (23 bytes)
Event: 3228.986 Thread 0x00000000175bc800 nmethod 21475 0x00000000062ba8d0 code [0x00000000062baa40, 0x00000000062babe8]

GC Heap History (10 events):
Event: 3215.722 GC heap before
{Heap before GC invocations=33 (full 3):
 PSYoungGen      total 323584K, used 295293K [0x00000000e0000000, 0x00000000fa200000, 0x0000000100000000)
  eden space 282624K, 100% used [0x00000000e0000000,0x00000000f1400000,0x00000000f1400000)
  from space 40960K, 30% used [0x00000000f1400000,0x00000000f205f5d0,0x00000000f3c00000)
  to   space 39424K, 0% used [0x00000000f7b80000,0x00000000f7b80000,0x00000000fa200000)
 ParOldGen       total 144384K, used 72958K [0x00000000a0000000, 0x00000000a8d00000, 0x00000000e0000000)
  object space 144384K, 50% used [0x00000000a0000000,0x00000000a473fbd0,0x00000000a8d00000)
 Metaspace       used 90414K, capacity 95346K, committed 95616K, reserved 1132544K
  class space    used 11471K, capacity 12550K, committed 12672K, reserved 1048576K
Event: 3215.745 GC heap after
Heap after GC invocations=33 (full 3):
 PSYoungGen      total 379392K, used 7722K [0x00000000e0000000, 0x00000000f9d00000, 0x0000000100000000)
  eden space 345088K, 0% used [0x00000000e0000000,0x00000000e0000000,0x00000000f5100000)
  from space 34304K, 22% used [0x00000000f7b80000,0x00000000f830a958,0x00000000f9d00000)
  to   space 38912K, 0% used [0x00000000f5100000,0x00000000f5100000,0x00000000f7700000)
 ParOldGen       total 144384K, used 73600K [0x00000000a0000000, 0x00000000a8d00000, 0x00000000e0000000)
  object space 144384K, 50% used [0x00000000a0000000,0x00000000a47e0130,0x00000000a8d00000)
 Metaspace       used 90414K, capacity 95346K, committed 95616K, reserved 1132544K
  class space    used 11471K, capacity 12550K, committed 12672K, reserved 1048576K
}
Event: 3217.977 GC heap before
{Heap before GC invocations=34 (full 3):
 PSYoungGen      total 379392K, used 352810K [0x00000000e0000000, 0x00000000f9d00000, 0x0000000100000000)
  eden space 345088K, 100% used [0x00000000e0000000,0x00000000f5100000,0x00000000f5100000)
  from space 34304K, 22% used [0x00000000f7b80000,0x00000000f830a958,0x00000000f9d00000)
  to   space 38912K, 0% used [0x00000000f5100000,0x00000000f5100000,0x00000000f7700000)
 ParOldGen       total 144384K, used 73600K [0x00000000a0000000, 0x00000000a8d00000, 0x00000000e0000000)
  object space 144384K, 50% used [0x00000000a0000000,0x00000000a47e0130,0x00000000a8d00000)
 Metaspace       used 90552K, capacity 95508K, committed 95872K, reserved 1132544K
  class space    used 11473K, capacity 12553K, committed 12672K, reserved 1048576K
Event: 3217.994 GC heap after
Heap after GC invocations=34 (full 3):
 PSYoungGen      total 384000K, used 4938K [0x00000000e0000000, 0x00000000fe100000, 0x0000000100000000)
  eden space 345088K, 0% used [0x00000000e0000000,0x00000000e0000000,0x00000000f5100000)
  from space 38912K, 12% used [0x00000000f5100000,0x00000000f55d2960,0x00000000f7700000)
  to   space 38400K, 0% used [0x00000000fbb80000,0x00000000fbb80000,0x00000000fe100000)
 ParOldGen       total 144384K, used 73608K [0x00000000a0000000, 0x00000000a8d00000, 0x00000000e0000000)
  object space 144384K, 50% used [0x00000000a0000000,0x00000000a47e2130,0x00000000a8d00000)
 Metaspace       used 90552K, capacity 95508K, committed 95872K, reserved 1132544K
  class space    used 11473K, capacity 12553K, committed 12672K, reserved 1048576K
}
Event: 3220.022 GC heap before
{Heap before GC invocations=35 (full 3):
 PSYoungGen      total 384000K, used 350026K [0x00000000e0000000, 0x00000000fe100000, 0x0000000100000000)
  eden space 345088K, 100% used [0x00000000e0000000,0x00000000f5100000,0x00000000f5100000)
  from space 38912K, 12% used [0x00000000f5100000,0x00000000f55d2960,0x00000000f7700000)
  to   space 38400K, 0% used [0x00000000fbb80000,0x00000000fbb80000,0x00000000fe100000)
 ParOldGen       total 144384K, used 73608K [0x00000000a0000000, 0x00000000a8d00000, 0x00000000e0000000)
  object space 144384K, 50% used [0x00000000a0000000,0x00000000a47e2130,0x00000000a8d00000)
 Metaspace       used 90687K, capacity 95708K, committed 95872K, reserved 1132544K
  class space    used 11473K, capacity 12553K, committed 12672K, reserved 1048576K
Event: 3220.035 GC heap after
Heap after GC invocations=35 (full 3):
 PSYoungGen      total 441856K, used 2107K [0x00000000e0000000, 0x00000000fdb00000, 0x0000000100000000)
  eden space 409600K, 0% used [0x00000000e0000000,0x00000000e0000000,0x00000000f9000000)
  from space 32256K, 6% used [0x00000000fbb80000,0x00000000fbd8eea8,0x00000000fdb00000)
  to   space 38400K, 0% used [0x00000000f9000000,0x00000000f9000000,0x00000000fb580000)
 ParOldGen       total 144384K, used 76088K [0x00000000a0000000, 0x00000000a8d00000, 0x00000000e0000000)
  object space 144384K, 52% used [0x00000000a0000000,0x00000000a4a4e1a0,0x00000000a8d00000)
 Metaspace       used 90687K, capacity 95708K, committed 95872K, reserved 1132544K
  class space    used 11473K, capacity 12553K, committed 12672K, reserved 1048576K
}
Event: 3222.322 GC heap before
{Heap before GC invocations=36 (full 3):
 PSYoungGen      total 441856K, used 411707K [0x00000000e0000000, 0x00000000fdb00000, 0x0000000100000000)
  eden space 409600K, 100% used [0x00000000e0000000,0x00000000f9000000,0x00000000f9000000)
  from space 32256K, 6% used [0x00000000fbb80000,0x00000000fbd8eea8,0x00000000fdb00000)
  to   space 38400K, 0% used [0x00000000f9000000,0x00000000f9000000,0x00000000fb580000)
 ParOldGen       total 144384K, used 76088K [0x00000000a0000000, 0x00000000a8d00000, 0x00000000e0000000)
  object space 144384K, 52% used [0x00000000a0000000,0x00000000a4a4e1a0,0x00000000a8d00000)
 Metaspace       used 90787K, capacity 95778K, committed 96128K, reserved 1132544K
  class space    used 11475K, capacity 12554K, committed 12672K, reserved 1048576K
Event: 3222.332 GC heap after
Heap after GC invocations=36 (full 3):
 PSYoungGen      total 448000K, used 4392K [0x00000000e0000000, 0x0000000100000000, 0x0000000100000000)
  eden space 409600K, 0% used [0x00000000e0000000,0x00000000e0000000,0x00000000f9000000)
  from space 38400K, 11% used [0x00000000f9000000,0x00000000f944a1e0,0x00000000fb580000)
  to   space 37376K, 0% used [0x00000000fdb80000,0x00000000fdb80000,0x0000000100000000)
 ParOldGen       total 144384K, used 76174K [0x00000000a0000000, 0x00000000a8d00000, 0x00000000e0000000)
  object space 144384K, 52% used [0x00000000a0000000,0x00000000a4a63958,0x00000000a8d00000)
 Metaspace       used 90787K, capacity 95778K, committed 96128K, reserved 1132544K
  class space    used 11475K, capacity 12554K, committed 12672K, reserved 1048576K
}
Event: 3224.760 GC heap before
{Heap before GC invocations=37 (full 3):
 PSYoungGen      total 448000K, used 413992K [0x00000000e0000000, 0x0000000100000000, 0x0000000100000000)
  eden space 409600K, 100% used [0x00000000e0000000,0x00000000f9000000,0x00000000f9000000)
  from space 38400K, 11% used [0x00000000f9000000,0x00000000f944a1e0,0x00000000fb580000)
  to   space 37376K, 0% used [0x00000000fdb80000,0x00000000fdb80000,0x0000000100000000)
 ParOldGen       total 144384K, used 76174K [0x00000000a0000000, 0x00000000a8d00000, 0x00000000e0000000)
  object space 144384K, 52% used [0x00000000a0000000,0x00000000a4a63958,0x00000000a8d00000)
 Metaspace       used 90901K, capacity 95880K, committed 96128K, reserved 1132544K
  class space    used 11480K, capacity 12561K, committed 12672K, reserved 1048576K
Event: 3224.773 GC heap after
Heap after GC invocations=37 (full 3):
 PSYoungGen      total 483840K, used 2188K [0x00000000e0000000, 0x00000000ffe00000, 0x0000000100000000)
  eden space 448512K, 0% used [0x00000000e0000000,0x00000000e0000000,0x00000000fb600000)
  from space 35328K, 6% used [0x00000000fdb80000,0x00000000fdda33e8,0x00000000ffe00000)
  to   space 36864K, 0% used [0x00000000fb600000,0x00000000fb600000,0x00000000fda00000)
 ParOldGen       total 144384K, used 76605K [0x00000000a0000000, 0x00000000a8d00000, 0x00000000e0000000)
  object space 144384K, 53% used [0x00000000a0000000,0x00000000a4acf7d0,0x00000000a8d00000)
 Metaspace       used 90901K, capacity 95880K, committed 96128K, reserved 1132544K
  class space    used 11480K, capacity 12561K, committed 12672K, reserved 1048576K
}

Deoptimization events (10 events):
Event: 3228.600 Thread 0x000000002a279800 Uncommon trap: reason=array_check action=maybe_recompile pc=0x000000000626d988 method=java.util.TimSort.mergeLo(IIII)V @ 212
Event: 3228.606 Thread 0x000000002a279800 Uncommon trap: reason=array_check action=maybe_recompile pc=0x000000000626d988 method=java.util.TimSort.mergeLo(IIII)V @ 212
Event: 3228.607 Thread 0x000000002a279800 Uncommon trap: reason=array_check action=maybe_recompile pc=0x000000000626bb28 method=java.util.TimSort.mergeHi(IIII)V @ 250
Event: 3228.611 Thread 0x000000002a279800 Uncommon trap: reason=array_check action=maybe_recompile pc=0x000000000626bbf8 method=java.util.TimSort.mergeHi(IIII)V @ 282
Event: 3228.620 Thread 0x000000002a279800 Uncommon trap: reason=unstable_if action=reinterpret pc=0x0000000005bf0260 method=com.android.tools.r8.dex.DexOutputBuffer.ensureSpaceFor(I)V @ 8
Event: 3228.832 Thread 0x000000002a279800 Uncommon trap: reason=unstable_if action=reinterpret pc=0x0000000002d9b504 method=java.nio.Bits.copyFromArray(Ljava/lang/Object;JJJJ)V @ 18
Event: 3228.904 Thread 0x0000000018a5f800 Uncommon trap: reason=unstable_if action=reinterpret pc=0x0000000002b78f70 method=java.io.WinNTFileSystem.resolve(Ljava/lang/String;Ljava/lang/String;)Ljava/lang/String; @ 36
Event: 3228.917 Thread 0x000000002a279000 Uncommon trap: reason=class_check action=maybe_recompile pc=0x00000000039ea098 method=java.util.Spliterators$1Adapter.hasNext()Z @ 12
Event: 3228.917 Thread 0x000000002a279000 Uncommon trap: reason=bimorphic action=maybe_recompile pc=0x00000000061868d0 method=java.util.stream.Sink$ChainedReference.cancellationRequested()Z @ 4
Event: 3228.917 Thread 0x000000002a279000 Uncommon trap: reason=bimorphic action=maybe_recompile pc=0x00000000061868d0 method=java.util.stream.Sink$ChainedReference.cancellationRequested()Z @ 4

Classes redefined (0 events):
No events

Internal exceptions (10 events):
Event: 3227.812 Thread 0x0000000018a5c800 Exception <a 'sun/nio/fs/WindowsException'> (0x00000000ef874ea0) thrown at [D:\src\AOSP-openjdk-cygwin\jdk8u\hotspot\src\share\vm\prims\jni.cpp, line 709]
Event: 3227.977 Thread 0x000000002a27c800 Implicit null exception at 0x000000000366faef to 0x000000000366fbe1
Event: 3228.827 Thread 0x000000002a279800 Exception <a 'sun/nio/fs/WindowsException'> (0x00000000f570a938) thrown at [D:\src\AOSP-openjdk-cygwin\jdk8u\hotspot\src\share\vm\prims\jni.cpp, line 709]
Event: 3228.921 Thread 0x000000002a279000 Exception <a 'sun/nio/fs/WindowsException'> (0x00000000f5c68040) thrown at [D:\src\AOSP-openjdk-cygwin\jdk8u\hotspot\src\share\vm\prims\jni.cpp, line 709]
Event: 3228.942 Thread 0x000000002a281000 Exception <a 'sun/nio/fs/WindowsException'> (0x00000000f5e2fed0) thrown at [D:\src\AOSP-openjdk-cygwin\jdk8u\hotspot\src\share\vm\prims\jni.cpp, line 709]
Event: 3228.942 Thread 0x000000002a27b000 Exception <a 'sun/nio/fs/WindowsException'> (0x00000000f5fdff68) thrown at [D:\src\AOSP-openjdk-cygwin\jdk8u\hotspot\src\share\vm\prims\jni.cpp, line 709]
Event: 3228.965 Thread 0x000000002a280800 Exception <a 'sun/nio/fs/WindowsException'> (0x00000000f61e84f0) thrown at [D:\src\AOSP-openjdk-cygwin\jdk8u\hotspot\src\share\vm\prims\jni.cpp, line 709]
Event: 3228.974 Thread 0x000000002a27c000 Exception <a 'sun/nio/fs/WindowsException'> (0x00000000f63abd18) thrown at [D:\src\AOSP-openjdk-cygwin\jdk8u\hotspot\src\share\vm\prims\jni.cpp, line 709]
Event: 3228.978 Thread 0x000000002a282000 Exception <a 'sun/nio/fs/WindowsException'> (0x00000000f6560ad8) thrown at [D:\src\AOSP-openjdk-cygwin\jdk8u\hotspot\src\share\vm\prims\jni.cpp, line 709]
Event: 3228.986 Thread 0x000000002a284000 Exception <a 'sun/nio/fs/WindowsException'> (0x00000000f676f9c0) thrown at [D:\src\AOSP-openjdk-cygwin\jdk8u\hotspot\src\share\vm\prims\jni.cpp, line 709]

Events (10 events):
Event: 3228.967 loading class com/android/build/api/transform/JarInput done
Event: 3228.967 loading class com/android/build/api/transform/JarInput
Event: 3228.967 loading class com/android/build/api/transform/JarInput done
Event: 3228.967 loading class com/android/build/api/transform/JarInput
Event: 3228.967 loading class com/android/build/api/transform/JarInput done
Event: 3228.970 Thread 0x000000002a27c000 Thread added: 0x000000002a27c000
Event: 3228.975 Thread 0x000000002a27c000 DEOPT PACKING pc=0x00000000062a4670 sp=0x000000002ea0ea80
Event: 3228.975 Thread 0x000000002a27c000 DEOPT UNPACKING pc=0x00000000029275d0 sp=0x000000002ea0e7a0 mode 0
Event: 3228.976 Thread 0x000000002a282000 Thread added: 0x000000002a282000
Event: 3228.980 Thread 0x000000002a284000 Thread added: 0x000000002a284000


Dynamic libraries:
0x00007ff6ae620000 - 0x00007ff6ae651000 	D:\android\android-studio\jre\bin\java.exe
0x00007ffdf5f30000 - 0x00007ffdf6111000 	C:\Windows\SYSTEM32\ntdll.dll
0x00007ffdf5c00000 - 0x00007ffdf5cb2000 	C:\Windows\System32\KERNEL32.DLL
0x00007ffdf2e00000 - 0x00007ffdf3073000 	C:\Windows\System32\KERNELBASE.dll
0x00007ffdf5e50000 - 0x00007ffdf5ef1000 	C:\Windows\System32\ADVAPI32.dll
0x00007ffdf5b60000 - 0x00007ffdf5bfe000 	C:\Windows\System32\msvcrt.dll
0x00007ffdf33c0000 - 0x00007ffdf341b000 	C:\Windows\System32\sechost.dll
0x00007ffdf4ed0000 - 0x00007ffdf4ff4000 	C:\Windows\System32\RPCRT4.dll
0x00007ffdf52a0000 - 0x00007ffdf5430000 	C:\Windows\System32\USER32.dll
0x00007ffdf2650000 - 0x00007ffdf2670000 	C:\Windows\System32\win32u.dll
0x00007ffdf5430000 - 0x00007ffdf5458000 	C:\Windows\System32\GDI32.dll
0x00007ffdf24b0000 - 0x00007ffdf2642000 	C:\Windows\System32\gdi32full.dll
0x00007ffdf32d0000 - 0x00007ffdf336f000 	C:\Windows\System32\msvcp_win.dll
0x00007ffdf2300000 - 0x00007ffdf23fa000 	C:\Windows\System32\ucrtbase.dll
0x00007ffdecdc0000 - 0x00007ffded029000 	C:\Windows\WinSxS\amd64_microsoft.windows.common-controls_6595b64144ccf1df_6.0.17134.523_none_fb409dd930672a56\COMCTL32.dll
0x00007ffdf3550000 - 0x00007ffdf3872000 	C:\Windows\System32\combase.dll
0x00007ffdf2670000 - 0x00007ffdf26ea000 	C:\Windows\System32\bcryptPrimitives.dll
0x00007ffdf3880000 - 0x00007ffdf38ad000 	C:\Windows\System32\IMM32.DLL
0x0000000074830000 - 0x0000000074902000 	D:\android\android-studio\jre\jre\bin\msvcr100.dll
0x0000000073490000 - 0x0000000073cd1000 	D:\android\android-studio\jre\jre\bin\server\jvm.dll
0x00007ffdf5070000 - 0x00007ffdf5078000 	C:\Windows\System32\PSAPI.DLL
0x00007ffddfca0000 - 0x00007ffddfca9000 	C:\Windows\SYSTEM32\WSOCK32.dll
0x00007ffdf0320000 - 0x00007ffdf0343000 	C:\Windows\SYSTEM32\WINMM.dll
0x00007ffde5f00000 - 0x00007ffde5f0a000 	C:\Windows\SYSTEM32\VERSION.dll
0x00007ffdf39a0000 - 0x00007ffdf3a0c000 	C:\Windows\System32\WS2_32.dll
0x00007ffdf01f0000 - 0x00007ffdf021a000 	C:\Windows\SYSTEM32\winmmbase.dll
0x00007ffdf3370000 - 0x00007ffdf33b9000 	C:\Windows\System32\cfgmgr32.dll
0x00007ffdf0490000 - 0x00007ffdf049f000 	D:\android\android-studio\jre\jre\bin\verify.dll
0x00007ffdeb380000 - 0x00007ffdeb3a9000 	D:\android\android-studio\jre\jre\bin\java.dll
0x00007ffdf0470000 - 0x00007ffdf0486000 	D:\android\android-studio\jre\jre\bin\zip.dll
0x00007ffdf3a10000 - 0x00007ffdf4e50000 	C:\Windows\System32\SHELL32.dll
0x00007ffdf5ab0000 - 0x00007ffdf5b59000 	C:\Windows\System32\shcore.dll
0x00007ffdf26f0000 - 0x00007ffdf2dfd000 	C:\Windows\System32\windows.storage.dll
0x00007ffdf3420000 - 0x00007ffdf3471000 	C:\Windows\System32\shlwapi.dll
0x00007ffdf2250000 - 0x00007ffdf2261000 	C:\Windows\System32\kernel.appcore.dll
0x00007ffdf22c0000 - 0x00007ffdf22df000 	C:\Windows\System32\profapi.dll
0x00007ffdf2270000 - 0x00007ffdf22bc000 	C:\Windows\System32\powrprof.dll
0x00007ffdf2240000 - 0x00007ffdf224a000 	C:\Windows\System32\FLTLIB.DLL
0x00007ffdeb360000 - 0x00007ffdeb37a000 	D:\android\android-studio\jre\jre\bin\net.dll
0x00007ffdf1ac0000 - 0x00007ffdf1b26000 	C:\Windows\system32\mswsock.dll
0x00007ffdeb340000 - 0x00007ffdeb351000 	D:\android\android-studio\jre\jre\bin\nio.dll
0x00007ffde7bc0000 - 0x00007ffde7bde000 	C:\Users\My\.gradle\native\25\windows-amd64\native-platform.dll
0x00007ffdee1c0000 - 0x00007ffdee1cd000 	D:\android\android-studio\jre\jre\bin\management.dll
0x00007ffdf1c70000 - 0x00007ffdf1c87000 	C:\Windows\SYSTEM32\CRYPTSP.dll
0x00007ffdf16a0000 - 0x00007ffdf16d3000 	C:\Windows\system32\rsaenh.dll
0x00007ffdf1da0000 - 0x00007ffdf1dc5000 	C:\Windows\SYSTEM32\bcrypt.dll
0x00007ffdf2140000 - 0x00007ffdf2168000 	C:\Windows\SYSTEM32\USERENV.dll
0x00007ffdf1c90000 - 0x00007ffdf1c9b000 	C:\Windows\SYSTEM32\CRYPTBASE.dll
0x00007ffdf1840000 - 0x00007ffdf1878000 	C:\Windows\SYSTEM32\IPHLPAPI.DLL
0x00007ffdf5e40000 - 0x00007ffdf5e48000 	C:\Windows\System32\NSI.dll
0x00007ffdeb180000 - 0x00007ffdeb196000 	C:\Windows\SYSTEM32\dhcpcsvc6.DLL
0x00007ffdeac70000 - 0x00007ffdeac8a000 	C:\Windows\SYSTEM32\dhcpcsvc.DLL

VM Arguments:
jvm_args: -Xmx1536m -Dfile.encoding=GBK -Duser.country=CN -Duser.language=zh -Duser.variant 
java_command: org.gradle.launcher.daemon.bootstrap.GradleDaemon 4.6
java_class_path (initial): C:\Users\My\.gradle\wrapper\dists\gradle-4.6-all\bcst21l2brirad8k2ben1letg\gradle-4.6\lib\gradle-launcher-4.6.jar
Launcher Type: SUN_STANDARD

Environment Variables:
JAVA_HOME=D:\java\jdk1.8.0_191
CLASSPATH=D:\java\jdk1.8.0_191\lib
PATH=C:\Program Files (x86)\Common Files\Oracle\Java\javapath;C:\Windows\system32;C:\Windows;C:\Windows\System32\Wbem;C:\Windows\System32\WindowsPowerShell\v1.0\;C:\Windows\System32\OpenSSH\;C:\Program Files\Intel\WiFi\bin\;C:\Program Files\Common Files\Intel\WirelessCommon\;D:\java\jdk1.8.0_191\bin;D:\MySQL\MySQL Server 8.0\bin;D:\Git\cmd;C:\Users\My\AppData\Local\Microsoft\WindowsApps;C:\Program Files\Intel\WiFi\bin\;C:\Program Files\Common Files\Intel\WirelessCommon\
USERNAME=My
OS=Windows_NT
PROCESSOR_IDENTIFIER=Intel64 Family 6 Model 61 Stepping 4, GenuineIntel



---------------  S Y S T E M  ---------------

OS: Windows 10.0 , 64 bit Build 17134 (10.0.17134.1)

CPU:total 4 (initial active 4) (2 cores per cpu, 2 threads per core) family 6 model 61 stepping 4, cmov, cx8, fxsr, mmx, sse, sse2, sse3, ssse3, sse4.1, sse4.2, popcnt, avx, avx2, aes, clmul, erms, rtm, 3dnowpref, lzcnt, ht, tsc, tscinvbit, bmi1, bmi2, adx

Memory: 4k page, physical 8077548k(885976k free), swap 8077548k(5928k free)

vm_info: OpenJDK 64-Bit Server VM (25.152-b06) for windows-amd64 JRE (1.8.0_152-release-1136-b06), built by "builder" with MS VC++ 10.0 (VS2010)

time: Wed Feb 27 23:29:31 2019
elapsed time: 3228 seconds (0d 0h 53m 48s)

